#
# There is insufficient memory for the Java Runtime Environment to continue.
# Native memory allocation (mmap) failed to map 132120576 bytes for G1 virtual space
# Possible reasons:
#   The system is out of physical RAM or swap space
#   The process is running with CompressedOops enabled, and the Java Heap may be blocking the growth of the native heap
# Possible solutions:
#   Reduce memory load on the system
#   Increase physical memory or swap space
#   Check if swap backing store is full
#   Decrease Java heap size (-Xmx/-Xms)
#   Decrease number of Java threads
#   Decrease Java thread stack sizes (-Xss)
#   Set larger code cache with -XX:ReservedCodeCacheSize=
#   JVM is running with Unscaled Compressed Oops mode in which the Java heap is
#     placed in the first 4GB address space. The Java Heap base address is the
#     maximum limit for the native heap growth. Please use -XX:HeapBaseMinAddress
#     to set the Java Heap base and to place the Java Heap above 4GB virtual address.
# This output file may be truncated or incomplete.
#
#  Out of Memory Error (os_windows.cpp:3753), pid=12844, tid=7632
#
# JRE version:  (17.0.4.1+7) (build )
# Java VM: OpenJDK 64-Bit Server VM (17.0.4.1+7-b469.62, mixed mode, sharing, tiered, compressed oops, compressed class ptrs, g1 gc, windows-amd64)
# No core dump will be written. Minidumps are not enabled by default on client versions of Windows
#

---------------  S U M M A R Y ------------

Command Line: git4idea.http.GitAskPassApp Username for 'https://github.com': 

Host: Intel(R) Core(TM) i5-1035G1 CPU @ 1.00GHz, 4 cores, 7G,  Windows 10 , 64 bit Build 19041 (10.0.19041.2364)
Time: Thu Feb  9 23:59:38 2023 Central European Standard Time elapsed time: 0.040424 seconds (0d 0h 0m 0s)

---------------  T H R E A D  ---------------

Current thread (0x00000222186826a0):  JavaThread "Unknown thread" [_thread_in_vm, id=7632, stack(0x0000009e1df00000,0x0000009e1e000000)]

Stack: [0x0000009e1df00000,0x0000009e1e000000]
Native frames: (J=compiled Java code, j=interpreted, Vv=VM code, C=native code)
V  [jvm.dll+0x68356a]
V  [jvm.dll+0x83fab4]
V  [jvm.dll+0x84125e]
V  [jvm.dll+0x8418c3]
V  [jvm.dll+0x249735]
V  [jvm.dll+0x680439]
V  [jvm.dll+0x674a7a]
V  [jvm.dll+0x30956b]
V  [jvm.dll+0x310a26]
V  [jvm.dll+0x36089e]
V  [jvm.dll+0x360acf]
V  [jvm.dll+0x2df658]
V  [jvm.dll+0x2e05c4]
V  [jvm.dll+0x8112a1]
V  [jvm.dll+0x36e6f1]
V  [jvm.dll+0x7f076c]
V  [jvm.dll+0x3f180f]
V  [jvm.dll+0x3f3351]
C  [jli.dll+0x526b]
C  [ucrtbase.dll+0x21bb2]
C  [KERNEL32.DLL+0x17614]
C  [ntdll.dll+0x526a1]


---------------  P R O C E S S  ---------------

Threads class SMR info:
_java_thread_list=0x00007fff07227f58, length=0, elements={
}

Java Threads: ( => current thread )

Other Threads:
  0x00000222186dac70 GCTaskThread "GC Thread#0" [stack: 0x0000009e1e000000,0x0000009e1e100000] [id=3976]
  0x00000222186eb4f0 ConcurrentGCThread "G1 Main Marker" [stack: 0x0000009e1e100000,0x0000009e1e200000] [id=13160]
  0x00000222186ebf00 ConcurrentGCThread "G1 Conc#0" [stack: 0x0000009e1e200000,0x0000009e1e300000] [id=12356]

[error occurred during error reporting (printing all threads), id 0xc0000005, EXCEPTION_ACCESS_VIOLATION (0xc0000005) at pc=0x00007fff069e0217]

VM state: not at safepoint (not fully initialized)

VM Mutex/Monitor currently owned by a thread:  ([mutex/lock_event])
[0x000002221867cab0] Heap_lock - owner thread: 0x00000222186826a0

Heap address: 0x0000000083600000, size: 1994 MB, Compressed Oops mode: 32-bit

CDS archive(s) mapped at: [0x0000000000000000-0x0000000000000000-0x0000000000000000), size 0, SharedBaseAddress: 0x0000000800000000, ArchiveRelocationMode: 0.
Narrow klass base: 0x0000000000000000, Narrow klass shift: 0, Narrow klass range: 0x0

GC Precious Log:
<Empty>

Heap:
 garbage-first heap   total 0K, used 0K [0x0000000083600000, 0x0000000100000000)
  region size 1024K, 0 young (0K), 0 survivors (0K)

[error occurred during error reporting (printing heap information), id 0xc0000005, EXCEPTION_ACCESS_VIOLATION (0xc0000005) at pc=0x00007fff06dcd1f9]

GC Heap History (0 events):
No events

Deoptimization events (0 events):
No events

Classes unloaded (0 events):
No events

Classes redefined (0 events):
No events

Internal exceptions (0 events):
No events

VM Operations (0 events):
No events

Events (1 events):
Event: 0.020 Loaded shared library C:\Program Files\JetBrains\IntelliJ IDEA 2022.2.3\jbr\bin\java.dll


Dynamic libraries:
0x00007ff60d760000 - 0x00007ff60d76a000 	C:\Program Files\JetBrains\IntelliJ IDEA 2022.2.3\jbr\bin\java.exe
0x00007fff53f70000 - 0x00007fff54168000 	C:\WINDOWS\SYSTEM32\ntdll.dll
0x00007fff53e10000 - 0x00007fff53ecf000 	C:\WINDOWS\System32\KERNEL32.DLL
0x00007fff51c20000 - 0x00007fff51ef2000 	C:\WINDOWS\System32\KERNELBASE.dll
0x00007fff51950000 - 0x00007fff51a50000 	C:\WINDOWS\System32\ucrtbase.dll
0x00007fff20190000 - 0x00007fff201a7000 	C:\Program Files\JetBrains\IntelliJ IDEA 2022.2.3\jbr\bin\jli.dll
0x00007fff1fef0000 - 0x00007fff1ff0b000 	C:\Program Files\JetBrains\IntelliJ IDEA 2022.2.3\jbr\bin\VCRUNTIME140.dll
0x00007fff523c0000 - 0x00007fff52561000 	C:\WINDOWS\System32\USER32.dll
0x00007fff32760000 - 0x00007fff329fa000 	C:\WINDOWS\WinSxS\amd64_microsoft.windows.common-controls_6595b64144ccf1df_6.0.19041.1110_none_60b5254171f9507e\COMCTL32.dll
0x00007fff51a50000 - 0x00007fff51a72000 	C:\WINDOWS\System32\win32u.dll
0x00007fff53a30000 - 0x00007fff53ace000 	C:\WINDOWS\System32\msvcrt.dll
0x00007fff528d0000 - 0x00007fff528fb000 	C:\WINDOWS\System32\GDI32.dll
0x00007fff516e0000 - 0x00007fff517ef000 	C:\WINDOWS\System32\gdi32full.dll
0x00007fff51b80000 - 0x00007fff51c1d000 	C:\WINDOWS\System32\msvcp_win.dll
0x00007fff539f0000 - 0x00007fff53a22000 	C:\WINDOWS\System32\IMM32.DLL
0x00007fff35090000 - 0x00007fff3509c000 	C:\Program Files\JetBrains\IntelliJ IDEA 2022.2.3\jbr\bin\vcruntime140_1.dll
0x00007fff113a0000 - 0x00007fff1142d000 	C:\Program Files\JetBrains\IntelliJ IDEA 2022.2.3\jbr\bin\msvcp140.dll
0x00007fff066f0000 - 0x00007fff07359000 	C:\Program Files\JetBrains\IntelliJ IDEA 2022.2.3\jbr\bin\server\jvm.dll
0x00007fff52de0000 - 0x00007fff52e8e000 	C:\WINDOWS\System32\ADVAPI32.dll
0x00007fff52200000 - 0x00007fff5229c000 	C:\WINDOWS\System32\sechost.dll
0x00007fff520d0000 - 0x00007fff521f5000 	C:\WINDOWS\System32\RPCRT4.dll
0x00007fff523b0000 - 0x00007fff523b8000 	C:\WINDOWS\System32\PSAPI.DLL
0x00007fff4c8b0000 - 0x00007fff4c8b9000 	C:\WINDOWS\SYSTEM32\WSOCK32.dll
0x00007fff52860000 - 0x00007fff528cb000 	C:\WINDOWS\System32\WS2_32.dll
0x00007fff34080000 - 0x00007fff340a7000 	C:\WINDOWS\SYSTEM32\WINMM.dll
0x00007fff4ab30000 - 0x00007fff4ab3a000 	C:\WINDOWS\SYSTEM32\VERSION.dll
0x00007fff4feb0000 - 0x00007fff4fec2000 	C:\WINDOWS\SYSTEM32\kernel.appcore.dll
0x00007fff4cd90000 - 0x00007fff4cd9a000 	C:\Program Files\JetBrains\IntelliJ IDEA 2022.2.3\jbr\bin\jimage.dll
0x00007fff4f4f0000 - 0x00007fff4f6d4000 	C:\WINDOWS\SYSTEM32\DBGHELP.DLL
0x00007fff2c7e0000 - 0x00007fff2c815000 	C:\WINDOWS\SYSTEM32\dbgcore.DLL
0x00007fff51a80000 - 0x00007fff51b02000 	C:\WINDOWS\System32\bcryptPrimitives.dll
0x00007fff399d0000 - 0x00007fff399f5000 	C:\Program Files\JetBrains\IntelliJ IDEA 2022.2.3\jbr\bin\java.dll

dbghelp: loaded successfully - version: 4.0.5 - missing functions: none
symbol engine: initialized successfully - sym options: 0x614 - pdb path: .;C:\Program Files\JetBrains\IntelliJ IDEA 2022.2.3\jbr\bin;C:\WINDOWS\SYSTEM32;C:\WINDOWS\WinSxS\amd64_microsoft.windows.common-controls_6595b64144ccf1df_6.0.19041.1110_none_60b5254171f9507e;C:\Program Files\JetBrains\IntelliJ IDEA 2022.2.3\jbr\bin\server

VM Arguments:
java_command: git4idea.http.GitAskPassApp Username for 'https://github.com': 
java_class_path (initial): C:/Program Files/JetBrains/IntelliJ IDEA 2022.2.3/plugins/git4idea/lib/git4idea-rt.jar;C:/Program Files/JetBrains/IntelliJ IDEA 2022.2.3/lib/externalProcess-rt.jar;C:/Program Files/JetBrains/IntelliJ IDEA 2022.2.3/lib/app.jar;C:/Program Files/JetBrains/IntelliJ IDEA 2022.2.3/lib/3rd-party-rt.jar
Launcher Type: SUN_STANDARD

[Global flags]
     intx CICompilerCount                          = 3                                         {product} {ergonomic}
     uint ConcGCThreads                            = 1                                         {product} {ergonomic}
     uint G1ConcRefinementThreads                  = 4                                         {product} {ergonomic}
   size_t G1HeapRegionSize                         = 1048576                                   {product} {ergonomic}
    uintx GCDrainStackTargetSize                   = 64                                        {product} {ergonomic}
   size_t InitialHeapSize                          = 132120576                                 {product} {ergonomic}
   size_t MarkStackSize                            = 4194304                                   {product} {ergonomic}
   size_t MaxHeapSize                              = 2090860544                                {product} {ergonomic}
   size_t MinHeapDeltaBytes                        = 1048576                                   {product} {ergonomic}
   size_t MinHeapSize                              = 8388608                                   {product} {ergonomic}
    uintx NonNMethodCodeHeapSize                   = 5832780                                {pd product} {ergonomic}
    uintx NonProfiledCodeHeapSize                  = 122912730                              {pd product} {ergonomic}
    uintx ProfiledCodeHeapSize                     = 122912730                              {pd product} {ergonomic}
    uintx ReservedCodeCacheSize                    = 251658240                              {pd product} {ergonomic}
     bool SegmentedCodeCache                       = true                                      {product} {ergonomic}
   size_t SoftMaxHeapSize                          = 2090860544                             {manageable} {ergonomic}
     bool UseCompressedClassPointers               = true                           {product lp64_product} {ergonomic}
     bool UseCompressedOops                        = true                           {product lp64_product} {ergonomic}
     bool UseG1GC                                  = true                                      {product} {ergonomic}
     bool UseLargePagesIndividualAllocation        = false                                  {pd product} {ergonomic}

Logging:
Log output configuration:
 #0: stdout all=warning uptime,level,tags
 #1: stderr all=off uptime,level,tags

Environment Variables:
JAVA_HOME=C:\Users\WIN10\.jdks\openjdk-19
PATH=C:/Program Files/Git/mingw64/libexec/git-core;C:/Program Files/Git/mingw64/libexec/git-core;C:\Program Files\Git\mingw64\bin;C:\Program Files\Git\usr\bin;C:\Users\WIN10\bin;C:\MinGW\bin;C:\WINDOWS;C:\WINDOWS\System32\Wbem;C:\WINDOWS\System32\WindowsPowerShell\v1.0\;C:\WINDOWS\System32\OpenSSH\;C:\WINDOWS\system32;C:\Program Files\Git\cmd;C:\Users\WIN10\.jdks\openjdk-19\bin;C:\Program Files\apache-maven-3.8.6\bin;C:\Users\WIN10\AppData\Local\Microsoft\WindowsApps;C:\MinGW\bin;C:\Users\WIN10\AppData\Local\bin\NASM;C:\Users\WIN10\Desktop\Golink;C:\Program Files\OLLYDBG.exe;C:\Users\WIN10\AppData\Local\GitHubDesktop\bin
USERNAME=WIN10
DISPLAY=:0.0
LC_ALL=en_US.UTF-8
TERM=xterm-256color
TMPDIR=C:\Users\WIN10\AppData\Local\Temp
OS=Windows_NT
PROCESSOR_IDENTIFIER=Intel64 Family 6 Model 126 Stepping 5, GenuineIntel
TMP=C:\Users\WIN10\AppData\Local\Temp
TEMP=C:\Users\WIN10\AppData\Local\Temp



---------------  S Y S T E M  ---------------

OS:
 Windows 10 , 64 bit Build 19041 (10.0.19041.2364)
OS uptime: 4 days 7:56 hours

CPU: total 4 (initial active 4) (4 cores per cpu, 2 threads per core) family 6 model 126 stepping 5 microcode 0xa6, cx8, cmov, fxsr, ht, mmx, 3dnowpref, sse, sse2, sse3, ssse3, sse4.1, sse4.2, popcnt, lzcnt, tsc, tscinvbit, avx, avx2, aes, erms, clmul, bmi1, bmi2, adx, avx512f, avx512dq, avx512cd, avx512bw, avx512vl, sha, fma, vzeroupper, avx512_vpopcntdq, avx512_vpclmulqdq, avx512_vaes, avx512_vnni, clflush, clflushopt, avx512_vbmi2, avx512_vbmi

Memory: 4k page, system-wide physical 7973M (881M free)
TotalPageFile size 7973M (AvailPageFile size 9M)
current process WorkingSet (physical memory assigned to process): 10M, peak: 10M
current process commit charge ("private bytes"): 51M, peak: 177M

vm_info: OpenJDK 64-Bit Server VM (17.0.4.1+7-b469.62) for windows-amd64 JRE (17.0.4.1+7-b469.62), built on 2022-09-22 by "builduser" with MS VC++ 16.10 / 16.11 (VS2019)

END.
