#
# There is insufficient memory for the Java Runtime Environment to continue.
# Native memory allocation (malloc) failed to allocate 1259136 bytes for Chunk::new
# Possible reasons:
#   The system is out of physical RAM or swap space
#   The process is running with CompressedOops enabled, and the Java Heap may be blocking the growth of the native heap
# Possible solutions:
#   Reduce memory load on the system
#   Increase physical memory or swap space
#   Check if swap backing store is full
#   Decrease Java heap size (-Xmx/-Xms)
#   Decrease number of Java threads
#   Decrease Java thread stack sizes (-Xss)
#   Set larger code cache with -XX:ReservedCodeCacheSize=
#   JVM is running with Unscaled Compressed Oops mode in which the Java heap is
#     placed in the first 4GB address space. The Java Heap base address is the
#     maximum limit for the native heap growth. Please use -XX:HeapBaseMinAddress
#     to set the Java Heap base and to place the Java Heap above 4GB virtual address.
# This output file may be truncated or incomplete.
#
#  Out of Memory Error (arena.cpp:184), pid=8880, tid=2000
#
# JRE version: OpenJDK Runtime Environment (19.0.1+10) (build 19.0.1+10-21)
# Java VM: OpenJDK 64-Bit Server VM (19.0.1+10-21, mixed mode, sharing, tiered, compressed oops, compressed class ptrs, g1 gc, windows-amd64)
# No core dump will be written. Minidumps are not enabled by default on client versions of Windows
#

---------------  S U M M A R Y ------------

Command Line: --module-path=C:\Program Files\Java\javafx-sdk-19\lib --add-modules=javafx.controls,javafx.fxml -javaagent:C:\Program Files\JetBrains\IntelliJ IDEA 2022.2.3\lib\idea_rt.jar=53967:C:\Program Files\JetBrains\IntelliJ IDEA 2022.2.3\bin -Dfile.encoding=UTF-8 -Dsun.stdout.encoding=UTF-8 -Dsun.stderr.encoding=UTF-8 ba.unsa.etf.rpr.App

Host: Intel(R) Core(TM) i5-1035G1 CPU @ 1.00GHz, 4 cores, 7G,  Windows 10 , 64 bit Build 19041 (10.0.19041.2364)
Time: Mon Feb 13 18:19:28 2023 Central European Standard Time elapsed time: 0.970174 seconds (0d 0h 0m 0s)

---------------  T H R E A D  ---------------

Current thread (0x0000019d1901d6e0):  JavaThread "C2 CompilerThread0" daemon [_thread_in_native, id=2000, stack(0x0000009055a00000,0x0000009055b00000)]


Current CompileTask:
C2:    970  296       4       java.util.stream.ReferencePipeline$3$1::accept (23 bytes)

Stack: [0x0000009055a00000,0x0000009055b00000]
Native frames: (J=compiled Java code, j=interpreted, Vv=VM code, C=native code)
V  [jvm.dll+0x6ee8fa]
V  [jvm.dll+0x857a1e]
V  [jvm.dll+0x85940e]
V  [jvm.dll+0x859ac3]
V  [jvm.dll+0x28291f]
V  [jvm.dll+0xc9b5f]
V  [jvm.dll+0xc9ee5]
V  [jvm.dll+0x2f7c6f]
V  [jvm.dll+0x5f0c5b]
V  [jvm.dll+0x2551fc]
V  [jvm.dll+0x24e097]
V  [jvm.dll+0x24b563]
V  [jvm.dll+0x1d6d61]
V  [jvm.dll+0x25b0fa]
V  [jvm.dll+0x259588]
V  [jvm.dll+0x807928]
V  [jvm.dll+0x8015fa]
V  [jvm.dll+0x6ed5eb]
C  [ucrtbase.dll+0x21bb2]
C  [KERNEL32.DLL+0x17614]
C  [ntdll.dll+0x526a1]


---------------  P R O C E S S  ---------------

Threads class SMR info:
_java_thread_list=0x0000019d1e188400, length=14, elements={
0x0000019d7b04c6f0, 0x0000019d190131e0, 0x0000019d19013ec0, 0x0000019d19018ec0,
0x0000019d1901ab70, 0x0000019d1901e950, 0x0000019d1901c990, 0x0000019d1901d6e0,
0x0000019d19022fa0, 0x0000019d19059aa0, 0x0000019d1908dfe0, 0x0000019d1d539bc0,
0x0000019d1e224990, 0x0000019d1e07b120
}

Java Threads: ( => current thread )
  0x0000019d7b04c6f0 JavaThread "main" [_thread_in_vm, id=1912, stack(0x0000009054d00000,0x0000009054e00000)]
  0x0000019d190131e0 JavaThread "Reference Handler" daemon [_thread_blocked, id=5648, stack(0x0000009055400000,0x0000009055500000)]
  0x0000019d19013ec0 JavaThread "Finalizer" daemon [_thread_blocked, id=7432, stack(0x0000009055500000,0x0000009055600000)]
  0x0000019d19018ec0 JavaThread "Signal Dispatcher" daemon [_thread_blocked, id=11200, stack(0x0000009055600000,0x0000009055700000)]
  0x0000019d1901ab70 JavaThread "Attach Listener" daemon [_thread_blocked, id=7944, stack(0x0000009055700000,0x0000009055800000)]
  0x0000019d1901e950 JavaThread "Service Thread" daemon [_thread_blocked, id=10648, stack(0x0000009055800000,0x0000009055900000)]
  0x0000019d1901c990 JavaThread "Monitor Deflation Thread" daemon [_thread_blocked, id=11700, stack(0x0000009055900000,0x0000009055a00000)]
=>0x0000019d1901d6e0 JavaThread "C2 CompilerThread0" daemon [_thread_in_native, id=2000, stack(0x0000009055a00000,0x0000009055b00000)]
  0x0000019d19022fa0 JavaThread "C1 CompilerThread0" daemon [_thread_blocked, id=3724, stack(0x0000009055b00000,0x0000009055c00000)]
  0x0000019d19059aa0 JavaThread "Sweeper thread" daemon [_thread_blocked, id=2364, stack(0x0000009055c00000,0x0000009055d00000)]
  0x0000019d1908dfe0 JavaThread "Common-Cleaner" daemon [_thread_blocked, id=1876, stack(0x0000009055d00000,0x0000009055e00000)]
  0x0000019d1d539bc0 JavaThread "C2 CompilerThread1" daemon [_thread_blocked, id=10680, stack(0x0000009055e00000,0x0000009055f00000)]
  0x0000019d1e224990 JavaThread "Monitor Ctrl-Break" daemon [_thread_in_native, id=5340, stack(0x0000009055f00000,0x0000009056000000)]
  0x0000019d1e07b120 JavaThread "Notification Thread" daemon [_thread_blocked, id=4692, stack(0x0000009056000000,0x0000009056100000)]

Other Threads:
  0x0000019d18ff75e0 VMThread "VM Thread" [stack: 0x0000009055300000,0x0000009055400000] [id=7748]
  0x0000019d1e04dd80 WatcherThread "VM Periodic Task Thread" [stack: 0x0000009056100000,0x0000009056200000] [id=11760]
  0x0000019d7b0aa6f0 WorkerThread "GC Thread#0" [stack: 0x0000009054e00000,0x0000009054f00000] [id=12844]
  0x0000019d7b0bb130 ConcurrentGCThread "G1 Main Marker" [stack: 0x0000009054f00000,0x0000009055000000] [id=9372]
  0x0000019d7b0bcb70 WorkerThread "G1 Conc#0" [stack: 0x0000009055000000,0x0000009055100000] [id=11072]
  0x0000019d18eb20b0 ConcurrentGCThread "G1 Refine#0" [stack: 0x0000009055100000,0x0000009055200000] [id=9984]
  0x0000019d18eb4b00 ConcurrentGCThread "G1 Service" [stack: 0x0000009055200000,0x0000009055300000] [id=1104]

Threads with active compile tasks:
C2 CompilerThread0     1018  296       4       java.util.stream.ReferencePipeline$3$1::accept (23 bytes)

VM state: not at safepoint (normal execution)

VM Mutex/Monitor currently owned by a thread: None

Heap address: 0x0000000083600000, size: 1994 MB, Compressed Oops mode: 32-bit

CDS archive(s) mapped at: [0x0000000800000000-0x0000000800c30000-0x0000000800c30000), size 12779520, SharedBaseAddress: 0x0000000800000000, ArchiveRelocationMode: 0.
Compressed class space mapped at: 0x0000000801000000-0x0000000841000000, reserved size: 1073741824
Narrow klass base: 0x0000000800000000, Narrow klass shift: 0, Narrow klass range: 0x100000000

GC Precious Log:
 CardTable entry size: 512
 Card Set container configuration: InlinePtr #cards 5 size 8 Array Of Cards #cards 12 size 40 Howl #buckets 4 coarsen threshold 1843 Howl Bitmap #cards 512 size 80 coarsen threshold 460 Card regions per heap region 1 cards per card region 2048
 CPUs: 4 total, 4 available
 Memory: 7973M
 Large Page Support: Disabled
 NUMA Support: Disabled
 Compressed Oops: Enabled (32-bit)
 Heap Region Size: 1M
 Heap Min Capacity: 8M
 Heap Initial Capacity: 126M
 Heap Max Capacity: 1994M
 Pre-touch: Disabled
 Parallel Workers: 4
 Concurrent Workers: 1
 Concurrent Refinement Workers: 4
 Periodic GC: Disabled

Heap:
 garbage-first heap   total 129024K, used 9216K [0x0000000083600000, 0x0000000100000000)
  region size 1024K, 11 young (11264K), 0 survivors (0K)
 Metaspace       used 1673K, committed 1856K, reserved 1114112K
  class space    used 161K, committed 256K, reserved 1048576K

Heap Regions: E=young(eden), S=young(survivor), O=old, HS=humongous(starts), HC=humongous(continues), CS=collection set, F=free, OA=open archive, CA=closed archive, TAMS=top-at-mark-start (previous, next)
|   0|0x0000000083600000, 0x0000000083600000, 0x0000000083700000|  0%| F|  |TAMS 0x0000000083600000, 0x0000000083600000| Untracked 
|   1|0x0000000083700000, 0x0000000083700000, 0x0000000083800000|  0%| F|  |TAMS 0x0000000083700000, 0x0000000083700000| Untracked 
|   2|0x0000000083800000, 0x0000000083800000, 0x0000000083900000|  0%| F|  |TAMS 0x0000000083800000, 0x0000000083800000| Untracked 
|   3|0x0000000083900000, 0x0000000083900000, 0x0000000083a00000|  0%| F|  |TAMS 0x0000000083900000, 0x0000000083900000| Untracked 
|   4|0x0000000083a00000, 0x0000000083a00000, 0x0000000083b00000|  0%| F|  |TAMS 0x0000000083a00000, 0x0000000083a00000| Untracked 
|   5|0x0000000083b00000, 0x0000000083b00000, 0x0000000083c00000|  0%| F|  |TAMS 0x0000000083b00000, 0x0000000083b00000| Untracked 
|   6|0x0000000083c00000, 0x0000000083c00000, 0x0000000083d00000|  0%| F|  |TAMS 0x0000000083c00000, 0x0000000083c00000| Untracked 
|   7|0x0000000083d00000, 0x0000000083d00000, 0x0000000083e00000|  0%| F|  |TAMS 0x0000000083d00000, 0x0000000083d00000| Untracked 
|   8|0x0000000083e00000, 0x0000000083e00000, 0x0000000083f00000|  0%| F|  |TAMS 0x0000000083e00000, 0x0000000083e00000| Untracked 
|   9|0x0000000083f00000, 0x0000000083f00000, 0x0000000084000000|  0%| F|  |TAMS 0x0000000083f00000, 0x0000000083f00000| Untracked 
|  10|0x0000000084000000, 0x0000000084000000, 0x0000000084100000|  0%| F|  |TAMS 0x0000000084000000, 0x0000000084000000| Untracked 
|  11|0x0000000084100000, 0x0000000084100000, 0x0000000084200000|  0%| F|  |TAMS 0x0000000084100000, 0x0000000084100000| Untracked 
|  12|0x0000000084200000, 0x0000000084200000, 0x0000000084300000|  0%| F|  |TAMS 0x0000000084200000, 0x0000000084200000| Untracked 
|  13|0x0000000084300000, 0x0000000084300000, 0x0000000084400000|  0%| F|  |TAMS 0x0000000084300000, 0x0000000084300000| Untracked 
|  14|0x0000000084400000, 0x0000000084400000, 0x0000000084500000|  0%| F|  |TAMS 0x0000000084400000, 0x0000000084400000| Untracked 
|  15|0x0000000084500000, 0x0000000084500000, 0x0000000084600000|  0%| F|  |TAMS 0x0000000084500000, 0x0000000084500000| Untracked 
|  16|0x0000000084600000, 0x0000000084600000, 0x0000000084700000|  0%| F|  |TAMS 0x0000000084600000, 0x0000000084600000| Untracked 
|  17|0x0000000084700000, 0x0000000084700000, 0x0000000084800000|  0%| F|  |TAMS 0x0000000084700000, 0x0000000084700000| Untracked 
|  18|0x0000000084800000, 0x0000000084800000, 0x0000000084900000|  0%| F|  |TAMS 0x0000000084800000, 0x0000000084800000| Untracked 
|  19|0x0000000084900000, 0x0000000084900000, 0x0000000084a00000|  0%| F|  |TAMS 0x0000000084900000, 0x0000000084900000| Untracked 
|  20|0x0000000084a00000, 0x0000000084a00000, 0x0000000084b00000|  0%| F|  |TAMS 0x0000000084a00000, 0x0000000084a00000| Untracked 
|  21|0x0000000084b00000, 0x0000000084b00000, 0x0000000084c00000|  0%| F|  |TAMS 0x0000000084b00000, 0x0000000084b00000| Untracked 
|  22|0x0000000084c00000, 0x0000000084c00000, 0x0000000084d00000|  0%| F|  |TAMS 0x0000000084c00000, 0x0000000084c00000| Untracked 
|  23|0x0000000084d00000, 0x0000000084d00000, 0x0000000084e00000|  0%| F|  |TAMS 0x0000000084d00000, 0x0000000084d00000| Untracked 
|  24|0x0000000084e00000, 0x0000000084e00000, 0x0000000084f00000|  0%| F|  |TAMS 0x0000000084e00000, 0x0000000084e00000| Untracked 
|  25|0x0000000084f00000, 0x0000000084f00000, 0x0000000085000000|  0%| F|  |TAMS 0x0000000084f00000, 0x0000000084f00000| Untracked 
|  26|0x0000000085000000, 0x0000000085000000, 0x0000000085100000|  0%| F|  |TAMS 0x0000000085000000, 0x0000000085000000| Untracked 
|  27|0x0000000085100000, 0x0000000085100000, 0x0000000085200000|  0%| F|  |TAMS 0x0000000085100000, 0x0000000085100000| Untracked 
|  28|0x0000000085200000, 0x0000000085200000, 0x0000000085300000|  0%| F|  |TAMS 0x0000000085200000, 0x0000000085200000| Untracked 
|  29|0x0000000085300000, 0x0000000085300000, 0x0000000085400000|  0%| F|  |TAMS 0x0000000085300000, 0x0000000085300000| Untracked 
|  30|0x0000000085400000, 0x0000000085400000, 0x0000000085500000|  0%| F|  |TAMS 0x0000000085400000, 0x0000000085400000| Untracked 
|  31|0x0000000085500000, 0x0000000085500000, 0x0000000085600000|  0%| F|  |TAMS 0x0000000085500000, 0x0000000085500000| Untracked 
|  32|0x0000000085600000, 0x0000000085600000, 0x0000000085700000|  0%| F|  |TAMS 0x0000000085600000, 0x0000000085600000| Untracked 
|  33|0x0000000085700000, 0x0000000085700000, 0x0000000085800000|  0%| F|  |TAMS 0x0000000085700000, 0x0000000085700000| Untracked 
|  34|0x0000000085800000, 0x0000000085800000, 0x0000000085900000|  0%| F|  |TAMS 0x0000000085800000, 0x0000000085800000| Untracked 
|  35|0x0000000085900000, 0x0000000085900000, 0x0000000085a00000|  0%| F|  |TAMS 0x0000000085900000, 0x0000000085900000| Untracked 
|  36|0x0000000085a00000, 0x0000000085a00000, 0x0000000085b00000|  0%| F|  |TAMS 0x0000000085a00000, 0x0000000085a00000| Untracked 
|  37|0x0000000085b00000, 0x0000000085b00000, 0x0000000085c00000|  0%| F|  |TAMS 0x0000000085b00000, 0x0000000085b00000| Untracked 
|  38|0x0000000085c00000, 0x0000000085c00000, 0x0000000085d00000|  0%| F|  |TAMS 0x0000000085c00000, 0x0000000085c00000| Untracked 
|  39|0x0000000085d00000, 0x0000000085d00000, 0x0000000085e00000|  0%| F|  |TAMS 0x0000000085d00000, 0x0000000085d00000| Untracked 
|  40|0x0000000085e00000, 0x0000000085e00000, 0x0000000085f00000|  0%| F|  |TAMS 0x0000000085e00000, 0x0000000085e00000| Untracked 
|  41|0x0000000085f00000, 0x0000000085f00000, 0x0000000086000000|  0%| F|  |TAMS 0x0000000085f00000, 0x0000000085f00000| Untracked 
|  42|0x0000000086000000, 0x0000000086000000, 0x0000000086100000|  0%| F|  |TAMS 0x0000000086000000, 0x0000000086000000| Untracked 
|  43|0x0000000086100000, 0x0000000086100000, 0x0000000086200000|  0%| F|  |TAMS 0x0000000086100000, 0x0000000086100000| Untracked 
|  44|0x0000000086200000, 0x0000000086200000, 0x0000000086300000|  0%| F|  |TAMS 0x0000000086200000, 0x0000000086200000| Untracked 
|  45|0x0000000086300000, 0x0000000086300000, 0x0000000086400000|  0%| F|  |TAMS 0x0000000086300000, 0x0000000086300000| Untracked 
|  46|0x0000000086400000, 0x0000000086400000, 0x0000000086500000|  0%| F|  |TAMS 0x0000000086400000, 0x0000000086400000| Untracked 
|  47|0x0000000086500000, 0x0000000086500000, 0x0000000086600000|  0%| F|  |TAMS 0x0000000086500000, 0x0000000086500000| Untracked 
|  48|0x0000000086600000, 0x0000000086600000, 0x0000000086700000|  0%| F|  |TAMS 0x0000000086600000, 0x0000000086600000| Untracked 
|  49|0x0000000086700000, 0x0000000086700000, 0x0000000086800000|  0%| F|  |TAMS 0x0000000086700000, 0x0000000086700000| Untracked 
|  50|0x0000000086800000, 0x0000000086800000, 0x0000000086900000|  0%| F|  |TAMS 0x0000000086800000, 0x0000000086800000| Untracked 
|  51|0x0000000086900000, 0x0000000086900000, 0x0000000086a00000|  0%| F|  |TAMS 0x0000000086900000, 0x0000000086900000| Untracked 
|  52|0x0000000086a00000, 0x0000000086a00000, 0x0000000086b00000|  0%| F|  |TAMS 0x0000000086a00000, 0x0000000086a00000| Untracked 
|  53|0x0000000086b00000, 0x0000000086b00000, 0x0000000086c00000|  0%| F|  |TAMS 0x0000000086b00000, 0x0000000086b00000| Untracked 
|  54|0x0000000086c00000, 0x0000000086c00000, 0x0000000086d00000|  0%| F|  |TAMS 0x0000000086c00000, 0x0000000086c00000| Untracked 
|  55|0x0000000086d00000, 0x0000000086d00000, 0x0000000086e00000|  0%| F|  |TAMS 0x0000000086d00000, 0x0000000086d00000| Untracked 
|  56|0x0000000086e00000, 0x0000000086e00000, 0x0000000086f00000|  0%| F|  |TAMS 0x0000000086e00000, 0x0000000086e00000| Untracked 
|  57|0x0000000086f00000, 0x0000000086f00000, 0x0000000087000000|  0%| F|  |TAMS 0x0000000086f00000, 0x0000000086f00000| Untracked 
|  58|0x0000000087000000, 0x0000000087000000, 0x0000000087100000|  0%| F|  |TAMS 0x0000000087000000, 0x0000000087000000| Untracked 
|  59|0x0000000087100000, 0x0000000087100000, 0x0000000087200000|  0%| F|  |TAMS 0x0000000087100000, 0x0000000087100000| Untracked 
|  60|0x0000000087200000, 0x0000000087200000, 0x0000000087300000|  0%| F|  |TAMS 0x0000000087200000, 0x0000000087200000| Untracked 
|  61|0x0000000087300000, 0x0000000087300000, 0x0000000087400000|  0%| F|  |TAMS 0x0000000087300000, 0x0000000087300000| Untracked 
|  62|0x0000000087400000, 0x0000000087400000, 0x0000000087500000|  0%| F|  |TAMS 0x0000000087400000, 0x0000000087400000| Untracked 
|  63|0x0000000087500000, 0x0000000087500000, 0x0000000087600000|  0%| F|  |TAMS 0x0000000087500000, 0x0000000087500000| Untracked 
|  64|0x0000000087600000, 0x0000000087600000, 0x0000000087700000|  0%| F|  |TAMS 0x0000000087600000, 0x0000000087600000| Untracked 
|  65|0x0000000087700000, 0x0000000087700000, 0x0000000087800000|  0%| F|  |TAMS 0x0000000087700000, 0x0000000087700000| Untracked 
|  66|0x0000000087800000, 0x0000000087800000, 0x0000000087900000|  0%| F|  |TAMS 0x0000000087800000, 0x0000000087800000| Untracked 
|  67|0x0000000087900000, 0x0000000087900000, 0x0000000087a00000|  0%| F|  |TAMS 0x0000000087900000, 0x0000000087900000| Untracked 
|  68|0x0000000087a00000, 0x0000000087a00000, 0x0000000087b00000|  0%| F|  |TAMS 0x0000000087a00000, 0x0000000087a00000| Untracked 
|  69|0x0000000087b00000, 0x0000000087b00000, 0x0000000087c00000|  0%| F|  |TAMS 0x0000000087b00000, 0x0000000087b00000| Untracked 
|  70|0x0000000087c00000, 0x0000000087c00000, 0x0000000087d00000|  0%| F|  |TAMS 0x0000000087c00000, 0x0000000087c00000| Untracked 
|  71|0x0000000087d00000, 0x0000000087d00000, 0x0000000087e00000|  0%| F|  |TAMS 0x0000000087d00000, 0x0000000087d00000| Untracked 
|  72|0x0000000087e00000, 0x0000000087e00000, 0x0000000087f00000|  0%| F|  |TAMS 0x0000000087e00000, 0x0000000087e00000| Untracked 
|  73|0x0000000087f00000, 0x0000000087f00000, 0x0000000088000000|  0%| F|  |TAMS 0x0000000087f00000, 0x0000000087f00000| Untracked 
|  74|0x0000000088000000, 0x0000000088000000, 0x0000000088100000|  0%| F|  |TAMS 0x0000000088000000, 0x0000000088000000| Untracked 
|  75|0x0000000088100000, 0x0000000088100000, 0x0000000088200000|  0%| F|  |TAMS 0x0000000088100000, 0x0000000088100000| Untracked 
|  76|0x0000000088200000, 0x0000000088200000, 0x0000000088300000|  0%| F|  |TAMS 0x0000000088200000, 0x0000000088200000| Untracked 
|  77|0x0000000088300000, 0x0000000088300000, 0x0000000088400000|  0%| F|  |TAMS 0x0000000088300000, 0x0000000088300000| Untracked 
|  78|0x0000000088400000, 0x0000000088400000, 0x0000000088500000|  0%| F|  |TAMS 0x0000000088400000, 0x0000000088400000| Untracked 
|  79|0x0000000088500000, 0x0000000088500000, 0x0000000088600000|  0%| F|  |TAMS 0x0000000088500000, 0x0000000088500000| Untracked 
|  80|0x0000000088600000, 0x0000000088600000, 0x0000000088700000|  0%| F|  |TAMS 0x0000000088600000, 0x0000000088600000| Untracked 
|  81|0x0000000088700000, 0x0000000088700000, 0x0000000088800000|  0%| F|  |TAMS 0x0000000088700000, 0x0000000088700000| Untracked 
|  82|0x0000000088800000, 0x0000000088800000, 0x0000000088900000|  0%| F|  |TAMS 0x0000000088800000, 0x0000000088800000| Untracked 
|  83|0x0000000088900000, 0x0000000088900000, 0x0000000088a00000|  0%| F|  |TAMS 0x0000000088900000, 0x0000000088900000| Untracked 
|  84|0x0000000088a00000, 0x0000000088a00000, 0x0000000088b00000|  0%| F|  |TAMS 0x0000000088a00000, 0x0000000088a00000| Untracked 
|  85|0x0000000088b00000, 0x0000000088b00000, 0x0000000088c00000|  0%| F|  |TAMS 0x0000000088b00000, 0x0000000088b00000| Untracked 
|  86|0x0000000088c00000, 0x0000000088c00000, 0x0000000088d00000|  0%| F|  |TAMS 0x0000000088c00000, 0x0000000088c00000| Untracked 
|  87|0x0000000088d00000, 0x0000000088d00000, 0x0000000088e00000|  0%| F|  |TAMS 0x0000000088d00000, 0x0000000088d00000| Untracked 
|  88|0x0000000088e00000, 0x0000000088e00000, 0x0000000088f00000|  0%| F|  |TAMS 0x0000000088e00000, 0x0000000088e00000| Untracked 
|  89|0x0000000088f00000, 0x0000000088f00000, 0x0000000089000000|  0%| F|  |TAMS 0x0000000088f00000, 0x0000000088f00000| Untracked 
|  90|0x0000000089000000, 0x0000000089000000, 0x0000000089100000|  0%| F|  |TAMS 0x0000000089000000, 0x0000000089000000| Untracked 
|  91|0x0000000089100000, 0x0000000089100000, 0x0000000089200000|  0%| F|  |TAMS 0x0000000089100000, 0x0000000089100000| Untracked 
|  92|0x0000000089200000, 0x0000000089200000, 0x0000000089300000|  0%| F|  |TAMS 0x0000000089200000, 0x0000000089200000| Untracked 
|  93|0x0000000089300000, 0x0000000089300000, 0x0000000089400000|  0%| F|  |TAMS 0x0000000089300000, 0x0000000089300000| Untracked 
|  94|0x0000000089400000, 0x0000000089400000, 0x0000000089500000|  0%| F|  |TAMS 0x0000000089400000, 0x0000000089400000| Untracked 
|  95|0x0000000089500000, 0x0000000089500000, 0x0000000089600000|  0%| F|  |TAMS 0x0000000089500000, 0x0000000089500000| Untracked 
|  96|0x0000000089600000, 0x0000000089600000, 0x0000000089700000|  0%| F|  |TAMS 0x0000000089600000, 0x0000000089600000| Untracked 
|  97|0x0000000089700000, 0x0000000089700000, 0x0000000089800000|  0%| F|  |TAMS 0x0000000089700000, 0x0000000089700000| Untracked 
|  98|0x0000000089800000, 0x0000000089800000, 0x0000000089900000|  0%| F|  |TAMS 0x0000000089800000, 0x0000000089800000| Untracked 
|  99|0x0000000089900000, 0x0000000089900000, 0x0000000089a00000|  0%| F|  |TAMS 0x0000000089900000, 0x0000000089900000| Untracked 
| 100|0x0000000089a00000, 0x0000000089a00000, 0x0000000089b00000|  0%| F|  |TAMS 0x0000000089a00000, 0x0000000089a00000| Untracked 
| 101|0x0000000089b00000, 0x0000000089b00000, 0x0000000089c00000|  0%| F|  |TAMS 0x0000000089b00000, 0x0000000089b00000| Untracked 
| 102|0x0000000089c00000, 0x0000000089c00000, 0x0000000089d00000|  0%| F|  |TAMS 0x0000000089c00000, 0x0000000089c00000| Untracked 
| 103|0x0000000089d00000, 0x0000000089d00000, 0x0000000089e00000|  0%| F|  |TAMS 0x0000000089d00000, 0x0000000089d00000| Untracked 
| 104|0x0000000089e00000, 0x0000000089e00000, 0x0000000089f00000|  0%| F|  |TAMS 0x0000000089e00000, 0x0000000089e00000| Untracked 
| 105|0x0000000089f00000, 0x0000000089f00000, 0x000000008a000000|  0%| F|  |TAMS 0x0000000089f00000, 0x0000000089f00000| Untracked 
| 106|0x000000008a000000, 0x000000008a000000, 0x000000008a100000|  0%| F|  |TAMS 0x000000008a000000, 0x000000008a000000| Untracked 
| 107|0x000000008a100000, 0x000000008a100000, 0x000000008a200000|  0%| F|  |TAMS 0x000000008a100000, 0x000000008a100000| Untracked 
| 108|0x000000008a200000, 0x000000008a200000, 0x000000008a300000|  0%| F|  |TAMS 0x000000008a200000, 0x000000008a200000| Untracked 
| 109|0x000000008a300000, 0x000000008a300000, 0x000000008a400000|  0%| F|  |TAMS 0x000000008a300000, 0x000000008a300000| Untracked 
| 110|0x000000008a400000, 0x000000008a400000, 0x000000008a500000|  0%| F|  |TAMS 0x000000008a400000, 0x000000008a400000| Untracked 
| 111|0x000000008a500000, 0x000000008a500000, 0x000000008a600000|  0%| F|  |TAMS 0x000000008a500000, 0x000000008a500000| Untracked 
| 112|0x000000008a600000, 0x000000008a600000, 0x000000008a700000|  0%| F|  |TAMS 0x000000008a600000, 0x000000008a600000| Untracked 
| 113|0x000000008a700000, 0x000000008a700000, 0x000000008a800000|  0%| F|  |TAMS 0x000000008a700000, 0x000000008a700000| Untracked 
| 114|0x000000008a800000, 0x000000008a800000, 0x000000008a900000|  0%| F|  |TAMS 0x000000008a800000, 0x000000008a800000| Untracked 
| 115|0x000000008a900000, 0x000000008a9439d8, 0x000000008aa00000| 26%| E|  |TAMS 0x000000008a900000, 0x000000008a900000| Complete 
| 116|0x000000008aa00000, 0x000000008ab00000, 0x000000008ab00000|100%| E|CS|TAMS 0x000000008aa00000, 0x000000008aa00000| Complete 
| 117|0x000000008ab00000, 0x000000008ac00000, 0x000000008ac00000|100%| E|CS|TAMS 0x000000008ab00000, 0x000000008ab00000| Complete 
| 118|0x000000008ac00000, 0x000000008ad00000, 0x000000008ad00000|100%| E|CS|TAMS 0x000000008ac00000, 0x000000008ac00000| Complete 
| 119|0x000000008ad00000, 0x000000008ae00000, 0x000000008ae00000|100%| E|CS|TAMS 0x000000008ad00000, 0x000000008ad00000| Complete 
| 120|0x000000008ae00000, 0x000000008af00000, 0x000000008af00000|100%| E|CS|TAMS 0x000000008ae00000, 0x000000008ae00000| Complete 
| 121|0x000000008af00000, 0x000000008b000000, 0x000000008b000000|100%| E|CS|TAMS 0x000000008af00000, 0x000000008af00000| Complete 
| 122|0x000000008b000000, 0x000000008b100000, 0x000000008b100000|100%| E|  |TAMS 0x000000008b000000, 0x000000008b000000| Complete 
| 123|0x000000008b100000, 0x000000008b200000, 0x000000008b200000|100%| E|CS|TAMS 0x000000008b100000, 0x000000008b100000| Complete 
| 124|0x000000008b200000, 0x000000008b300000, 0x000000008b300000|100%| E|CS|TAMS 0x000000008b200000, 0x000000008b200000| Complete 
| 125|0x000000008b300000, 0x000000008b400000, 0x000000008b400000|100%| E|CS|TAMS 0x000000008b300000, 0x000000008b300000| Complete 

Card table byte_map: [0x0000019d7b510000,0x0000019d7b900000] _byte_map_base: 0x0000019d7b0f5000

Marking Bits (Prev, Next): (CMBitMap*) 0x0000019d7b0aad20, (CMBitMap*) 0x0000019d7b0aad60
 Prev Bits: [0x0000019d7bcf0000, 0x0000019d7dc18000)
 Next Bits: [0x0000019d7dc20000, 0x0000019d7fb48000)

Polling page: 0x0000019d78fb0000

Metaspace:

Usage:
  Non-class:      1.53 MB used.
      Class:    170.18 KB used.
       Both:      1.69 MB used.

Virtual space:
  Non-class space:       64.00 MB reserved,       1.56 MB (  2%) committed,  1 nodes.
      Class space:        1.00 GB reserved,     256.00 KB ( <1%) committed,  1 nodes.
             Both:        1.06 GB reserved,       1.81 MB ( <1%) committed. 

Chunk freelists:
   Non-Class:  3.56 MB
       Class:  3.66 MB
        Both:  7.23 MB

MaxMetaspaceSize: unlimited
CompressedClassSpaceSize: 1.00 GB
Initial GC threshold: 21.00 MB
Current GC threshold: 21.00 MB
CDS: on
MetaspaceReclaimPolicy: balanced
 - commit_granule_bytes: 65536.
 - commit_granule_words: 8192.
 - virtual_space_node_default_size: 8388608.
 - enlarge_chunks_in_place: 1.
 - new_chunks_are_fully_committed: 0.
 - uncommit_free_chunks: 1.
 - use_allocation_guard: 0.


Internal statistics:

num_allocs_failed_limit: 0.
num_arena_births: 42.
num_arena_deaths: 0.
num_vsnodes_births: 2.
num_vsnodes_deaths: 0.
num_space_committed: 29.
num_space_uncommitted: 0.
num_chunks_returned_to_freelist: 0.
num_chunks_taken_from_freelist: 70.
num_chunk_merges: 0.
num_chunk_splits: 45.
num_chunks_enlarged: 30.
num_inconsistent_stats: 0.

CodeHeap 'non-profiled nmethods': size=120000Kb used=182Kb max_used=182Kb free=119817Kb
 bounds [0x0000019d0f960000, 0x0000019d0fbd0000, 0x0000019d16e90000]
CodeHeap 'profiled nmethods': size=120000Kb used=691Kb max_used=691Kb free=119308Kb
 bounds [0x0000019d07e90000, 0x0000019d08100000, 0x0000019d0f3c0000]
CodeHeap 'non-nmethods': size=5760Kb used=1238Kb max_used=1250Kb free=4521Kb
 bounds [0x0000019d0f3c0000, 0x0000019d0f630000, 0x0000019d0f960000]
 total_blobs=940 nmethods=514 adapters=337
 compilation: enabled
              stopped_count=0, restarted_count=0
 full_count=0

Compilation events (20 events):
Event: 0.940 Thread 0x0000019d19022fa0 nmethod 461 0x0000019d07f2e810 code [0x0000019d07f2eb60, 0x0000019d07f2fa28]
Event: 0.940 Thread 0x0000019d19022fa0  464       1       java.lang.invoke.LambdaForm$BasicType::basicTypeClass (5 bytes)
Event: 0.941 Thread 0x0000019d19022fa0 nmethod 464 0x0000019d0f988b10 code [0x0000019d0f988ca0, 0x0000019d0f988d58]
Event: 0.941 Thread 0x0000019d19022fa0  465       3       jdk.internal.org.objectweb.asm.ByteVector::put12 (64 bytes)
Event: 0.941 Thread 0x0000019d19022fa0 nmethod 465 0x0000019d07f2ff90 code [0x0000019d07f30140, 0x0000019d07f30368]
Event: 0.941 Thread 0x0000019d19022fa0  463       1       java.lang.invoke.LambdaForm$Name::type (5 bytes)
Event: 0.941 Thread 0x0000019d19022fa0 nmethod 463 0x0000019d0f988e10 code [0x0000019d0f988fa0, 0x0000019d0f989058]
Event: 0.946 Thread 0x0000019d19022fa0  466       3       java.lang.String::toString (2 bytes)
Event: 0.946 Thread 0x0000019d19022fa0 nmethod 466 0x0000019d07f30510 code [0x0000019d07f306a0, 0x0000019d07f307b8]
Event: 0.949 Thread 0x0000019d1d539bc0  467       4       java.util.concurrent.ConcurrentHashMap::casTabAt (21 bytes)
Event: 0.953 Thread 0x0000019d1d539bc0 nmethod 467 0x0000019d0f989110 code [0x0000019d0f989280, 0x0000019d0f9893b8]
Event: 0.953 Thread 0x0000019d1d539bc0  468       4       java.util.zip.ZipUtils::CENLEN (9 bytes)
Event: 0.955 Thread 0x0000019d1d539bc0 nmethod 468 0x0000019d0f989410 code [0x0000019d0f9895a0, 0x0000019d0f989698]
Event: 0.957 Thread 0x0000019d19022fa0  469       1       java.net.URL::getProtocol (5 bytes)
Event: 0.958 Thread 0x0000019d19022fa0 nmethod 469 0x0000019d0f989790 code [0x0000019d0f989920, 0x0000019d0f9899d8]
Event: 0.961 Thread 0x0000019d19022fa0  470       3       java.lang.StringLatin1::toLowerCase (186 bytes)
Event: 0.963 Thread 0x0000019d19022fa0 nmethod 470 0x0000019d07f30890 code [0x0000019d07f30b20, 0x0000019d07f31678]
Event: 0.963 Thread 0x0000019d19022fa0  471       1       java.security.ProtectionDomain::getCodeSource (5 bytes)
Event: 0.964 Thread 0x0000019d19022fa0 nmethod 471 0x0000019d0f989a90 code [0x0000019d0f989c20, 0x0000019d0f989cd8]
Event: 0.966 Thread 0x0000019d19022fa0  472   !   3       java.io.RandomAccessFile::readBytes (32 bytes)

GC Heap History (0 events):
No events

Dll operation events (9 events):
Event: 0.017 Loaded shared library C:\Users\WIN10\.jdks\openjdk-19.0.1\bin\java.dll
Event: 0.036 Loaded shared library C:\Users\WIN10\.jdks\openjdk-19.0.1\bin\jsvml.dll
Event: 0.209 Loaded shared library C:\Users\WIN10\.jdks\openjdk-19.0.1\bin\net.dll
Event: 0.212 Loaded shared library C:\Users\WIN10\.jdks\openjdk-19.0.1\bin\nio.dll
Event: 0.439 Loaded shared library C:\Users\WIN10\.jdks\openjdk-19.0.1\bin\zip.dll
Event: 0.815 Loaded shared library C:\Users\WIN10\.jdks\openjdk-19.0.1\bin\zip.dll
Event: 0.819 Loaded shared library C:\Users\WIN10\.jdks\openjdk-19.0.1\bin\instrument.dll
Event: 0.873 Loaded shared library C:\Program Files\JetBrains\IntelliJ IDEA 2022.2.3\bin\breakgen64.dll
Event: 0.900 Loaded shared library C:\Users\WIN10\.jdks\openjdk-19.0.1\bin\extnet.dll

Deoptimization events (20 events):
Event: 0.677 Thread 0x0000019d7b04c6f0 DEOPT PACKING pc=0x0000019d07eceed7 sp=0x0000009054dfdf40
Event: 0.677 Thread 0x0000019d7b04c6f0 DEOPT UNPACKING pc=0x0000019d0f42b0e3 sp=0x0000009054dfd3c0 mode 0
Event: 0.678 Thread 0x0000019d7b04c6f0 DEOPT PACKING pc=0x0000019d07ea6067 sp=0x0000009054dfdf20
Event: 0.678 Thread 0x0000019d7b04c6f0 DEOPT UNPACKING pc=0x0000019d0f42b0e3 sp=0x0000009054dfd340 mode 0
Event: 0.803 Thread 0x0000019d7b04c6f0 Uncommon trap: trap_request=0xffffff45 fr.pc=0x0000019d0f9747bc relative=0x00000000000004fc
Event: 0.803 Thread 0x0000019d7b04c6f0 Uncommon trap: reason=unstable_if action=reinterpret pc=0x0000019d0f9747bc method=java.lang.StringLatin1.newString([BII)Ljava/lang/String; @ 1 c2
Event: 0.803 Thread 0x0000019d7b04c6f0 DEOPT PACKING pc=0x0000019d0f9747bc sp=0x0000009054dfed60
Event: 0.803 Thread 0x0000019d7b04c6f0 DEOPT UNPACKING pc=0x0000019d0f42a5a3 sp=0x0000009054dfecc0 mode 2
Event: 0.804 Thread 0x0000019d7b04c6f0 Uncommon trap: trap_request=0xffffff45 fr.pc=0x0000019d0f9738b8 relative=0x0000000000000418
Event: 0.804 Thread 0x0000019d7b04c6f0 Uncommon trap: reason=unstable_if action=reinterpret pc=0x0000019d0f9738b8 method=java.lang.StringLatin1.newString([BII)Ljava/lang/String; @ 1 c2
Event: 0.804 Thread 0x0000019d7b04c6f0 DEOPT PACKING pc=0x0000019d0f9738b8 sp=0x0000009054dfece0
Event: 0.804 Thread 0x0000019d7b04c6f0 DEOPT UNPACKING pc=0x0000019d0f42a5a3 sp=0x0000009054dfecc0 mode 2
Event: 0.815 Thread 0x0000019d7b04c6f0 Uncommon trap: trap_request=0xffffff45 fr.pc=0x0000019d0f96dcc4 relative=0x00000000000000a4
Event: 0.815 Thread 0x0000019d7b04c6f0 Uncommon trap: reason=unstable_if action=reinterpret pc=0x0000019d0f96dcc4 method=java.lang.String.isLatin1()Z @ 10 c2
Event: 0.815 Thread 0x0000019d7b04c6f0 DEOPT PACKING pc=0x0000019d0f96dcc4 sp=0x0000009054dfec00
Event: 0.815 Thread 0x0000019d7b04c6f0 DEOPT UNPACKING pc=0x0000019d0f42a5a3 sp=0x0000009054dfeb40 mode 2
Event: 0.845 Thread 0x0000019d7b04c6f0 Uncommon trap: trap_request=0xffffff45 fr.pc=0x0000019d0f9769e0 relative=0x0000000000000720
Event: 0.845 Thread 0x0000019d7b04c6f0 Uncommon trap: reason=unstable_if action=reinterpret pc=0x0000019d0f9769e0 method=java.util.zip.ZipFile$Source.checkAndAddEntry(II)I @ 50 c2
Event: 0.845 Thread 0x0000019d7b04c6f0 DEOPT PACKING pc=0x0000019d0f9769e0 sp=0x0000009054dfe2f0
Event: 0.845 Thread 0x0000019d7b04c6f0 DEOPT UNPACKING pc=0x0000019d0f42a5a3 sp=0x0000009054dfe260 mode 2

Classes loaded (20 events):
Event: 0.916 Loading class java/nio/DirectByteBuffer$Deallocator
Event: 0.916 Loading class java/nio/DirectByteBuffer$Deallocator done
Event: 0.917 Loading class sun/launcher/LauncherHelper$FXHelper
Event: 0.917 Loading class sun/launcher/LauncherHelper$FXHelper done
Event: 0.921 Loading class java/lang/InterruptedException
Event: 0.921 Loading class java/lang/InterruptedException done
Event: 0.921 Loading class java/lang/IllegalStateException
Event: 0.921 Loading class java/lang/IllegalStateException done
Event: 0.922 Loading class java/lang/IllegalAccessException
Event: 0.922 Loading class java/lang/IllegalAccessException done
Event: 0.927 Loading class java/util/concurrent/atomic/AtomicBoolean
Event: 0.928 Loading class java/util/concurrent/atomic/AtomicBoolean done
Event: 0.939 Loading class java/util/concurrent/CountDownLatch
Event: 0.940 Loading class java/util/concurrent/CountDownLatch done
Event: 0.940 Loading class java/util/concurrent/CountDownLatch$Sync
Event: 0.940 Loading class java/util/concurrent/CountDownLatch$Sync done
Event: 0.956 Loading class java/lang/SecurityException
Event: 0.956 Loading class java/lang/SecurityException done
Event: 0.958 Loading class java/util/concurrent/CopyOnWriteArraySet
Event: 0.959 Loading class java/util/concurrent/CopyOnWriteArraySet done

Classes unloaded (0 events):
No events

Classes redefined (0 events):
No events

Internal exceptions (9 events):
Event: 0.215 Thread 0x0000019d7b04c6f0 Exception <a 'sun/nio/fs/WindowsException'{0x000000008b23ef40}> (0x000000008b23ef40) 
thrown [s\open\src\hotspot\share\prims\jni.cpp, line 517]
Event: 0.216 Thread 0x0000019d7b04c6f0 Exception <a 'sun/nio/fs/WindowsException'{0x000000008b23f3d0}> (0x000000008b23f3d0) 
thrown [s\open\src\hotspot\share\prims\jni.cpp, line 517]
Event: 0.854 Thread 0x0000019d7b04c6f0 Exception <a 'java/lang/NoSuchMethodError'{0x000000008acccba0}: 'void java.lang.invoke.DirectMethodHandle$Holder.invokeStatic(java.lang.Object, java.lang.Object, java.lang.Object)'> (0x000000008acccba0) 
thrown [s\open\src\hotspot\share\interpreter\linkResolver.cpp, line 774]
Event: 0.864 Thread 0x0000019d7b04c6f0 Exception <a 'java/lang/NoSuchMethodError'{0x000000008ace4660}: 'java.lang.Object java.lang.invoke.Invokers$Holder.invokeExact_MT(java.lang.Object, java.lang.Object, java.lang.Object, java.lang.Object, java.lang.Object)'> (0x000000008ace4660) 
thrown [s\open\src\hotspot\share\interpreter\linkResolver.cpp, line 774]
Event: 0.903 Thread 0x0000019d1e224990 Exception <a 'java/lang/NoSuchMethodError'{0x000000008ab07b50}: 'void java.lang.invoke.DirectMethodHandle$Holder.invokeStatic(java.lang.Object, java.lang.Object)'> (0x000000008ab07b50) 
thrown [s\open\src\hotspot\share\interpreter\linkResolver.cpp, line 774]
Event: 0.926 Thread 0x0000019d7b04c6f0 Exception <a 'java/lang/NoSuchMethodError'{0x000000008abb5b18}: 'java.lang.Object java.lang.invoke.DirectMethodHandle$Holder.invokeStaticInit(java.lang.Object)'> (0x000000008abb5b18) 
thrown [s\open\src\hotspot\share\interpreter\linkResolver.cpp, line 774]
Event: 0.928 Thread 0x0000019d7b04c6f0 Exception <a 'java/lang/NoSuchMethodError'{0x000000008abbc3a8}: 'void java.lang.invoke.DirectMethodHandle$Holder.invokeStatic(java.lang.Object, java.lang.Object, java.lang.Object, java.lang.Object)'> (0x000000008abbc3a8) 
thrown [s\open\src\hotspot\share\interpreter\linkResolver.cpp, line 774]
Event: 0.930 Thread 0x0000019d7b04c6f0 Exception <a 'java/lang/NoSuchMethodError'{0x000000008abc00f0}: 'void java.lang.invoke.DirectMethodHandle$Holder.invokeSpecial(java.lang.Object, java.lang.Object, java.lang.Object, java.lang.Object, java.lang.Object)'> (0x000000008abc00f0) 
thrown [s\open\src\hotspot\share\interpreter\linkResolver.cpp, line 774]
Event: 0.938 Thread 0x0000019d7b04c6f0 Exception <a 'java/lang/NoSuchMethodError'{0x000000008abd2b10}: 'java.lang.Object java.lang.invoke.Invokers$Holder.invokeExact_MT(java.lang.Object, java.lang.Object, java.lang.Object, java.lang.Object, java.lang.Object, java.lang.Object)'> (0x000000008abd2b10) 
thrown [s\open\src\hotspot\share\interpreter\linkResolver.cpp, line 774]

VM Operations (6 events):
Event: 0.441 Executing VM operation: HandshakeAllThreads
Event: 0.441 Executing VM operation: HandshakeAllThreads done
Event: 0.782 Executing VM operation: HandshakeAllThreads
Event: 0.782 Executing VM operation: HandshakeAllThreads done
Event: 0.886 Executing VM operation: HandshakeAllThreads
Event: 0.886 Executing VM operation: HandshakeAllThreads done

Events (14 events):
Event: 0.037 Thread 0x0000019d7b04c6f0 Thread added: 0x0000019d7b04c6f0
Event: 0.069 Thread 0x0000019d190131e0 Thread added: 0x0000019d190131e0
Event: 0.069 Thread 0x0000019d19013ec0 Thread added: 0x0000019d19013ec0
Event: 0.070 Thread 0x0000019d19018ec0 Thread added: 0x0000019d19018ec0
Event: 0.070 Thread 0x0000019d1901ab70 Thread added: 0x0000019d1901ab70
Event: 0.070 Thread 0x0000019d1901e950 Thread added: 0x0000019d1901e950
Event: 0.070 Thread 0x0000019d1901c990 Thread added: 0x0000019d1901c990
Event: 0.071 Thread 0x0000019d1901d6e0 Thread added: 0x0000019d1901d6e0
Event: 0.072 Thread 0x0000019d19022fa0 Thread added: 0x0000019d19022fa0
Event: 0.072 Thread 0x0000019d19059aa0 Thread added: 0x0000019d19059aa0
Event: 0.169 Thread 0x0000019d1908dfe0 Thread added: 0x0000019d1908dfe0
Event: 0.589 Thread 0x0000019d1d539bc0 Thread added: 0x0000019d1d539bc0
Event: 0.874 Thread 0x0000019d1e224990 Thread added: 0x0000019d1e224990
Event: 0.874 Thread 0x0000019d1e07b120 Thread added: 0x0000019d1e07b120


Dynamic libraries:
0x00007ff6449e0000 - 0x00007ff6449ee000 	C:\Users\WIN10\.jdks\openjdk-19.0.1\bin\java.exe
0x00007ffc03e90000 - 0x00007ffc04088000 	C:\WINDOWS\SYSTEM32\ntdll.dll
0x00007ffc02ef0000 - 0x00007ffc02faf000 	C:\WINDOWS\System32\KERNEL32.DLL
0x00007ffc016c0000 - 0x00007ffc01992000 	C:\WINDOWS\System32\KERNELBASE.dll
0x00007ffc019f0000 - 0x00007ffc01af0000 	C:\WINDOWS\System32\ucrtbase.dll
0x00007ffbb7940000 - 0x00007ffbb7957000 	C:\Users\WIN10\.jdks\openjdk-19.0.1\bin\jli.dll
0x00007ffc03150000 - 0x00007ffc032f1000 	C:\WINDOWS\System32\USER32.dll
0x00007ffc01580000 - 0x00007ffc015a2000 	C:\WINDOWS\System32\win32u.dll
0x00007ffc03120000 - 0x00007ffc0314b000 	C:\WINDOWS\System32\GDI32.dll
0x00007ffc015b0000 - 0x00007ffc016bf000 	C:\WINDOWS\System32\gdi32full.dll
0x00007ffc01c10000 - 0x00007ffc01cad000 	C:\WINDOWS\System32\msvcp_win.dll
0x00007ffbb7920000 - 0x00007ffbb793b000 	C:\Users\WIN10\.jdks\openjdk-19.0.1\bin\VCRUNTIME140.dll
0x00007ffbdfe90000 - 0x00007ffbe012a000 	C:\WINDOWS\WinSxS\amd64_microsoft.windows.common-controls_6595b64144ccf1df_6.0.19041.1110_none_60b5254171f9507e\COMCTL32.dll
0x00007ffc033b0000 - 0x00007ffc0344e000 	C:\WINDOWS\System32\msvcrt.dll
0x00007ffc03da0000 - 0x00007ffc03dd2000 	C:\WINDOWS\System32\IMM32.DLL
0x00007ffbb7cb0000 - 0x00007ffbb7cbc000 	C:\Users\WIN10\.jdks\openjdk-19.0.1\bin\vcruntime140_1.dll
0x00007ffbb7890000 - 0x00007ffbb791e000 	C:\Users\WIN10\.jdks\openjdk-19.0.1\bin\msvcp140.dll
0x00007ffb97f70000 - 0x00007ffb98c30000 	C:\Users\WIN10\.jdks\openjdk-19.0.1\bin\server\jvm.dll
0x00007ffc01ed0000 - 0x00007ffc01f7e000 	C:\WINDOWS\System32\ADVAPI32.dll
0x00007ffc03ca0000 - 0x00007ffc03d3c000 	C:\WINDOWS\System32\sechost.dll
0x00007ffc02180000 - 0x00007ffc022a5000 	C:\WINDOWS\System32\RPCRT4.dll
0x00007ffbfcbc0000 - 0x00007ffbfcbc9000 	C:\WINDOWS\SYSTEM32\WSOCK32.dll
0x00007ffc03c30000 - 0x00007ffc03c9b000 	C:\WINDOWS\System32\WS2_32.dll
0x00007ffbe1ff0000 - 0x00007ffbe2017000 	C:\WINDOWS\SYSTEM32\WINMM.dll
0x00007ffbfa180000 - 0x00007ffbfa18a000 	C:\WINDOWS\SYSTEM32\VERSION.dll
0x00007ffbffdd0000 - 0x00007ffbffde2000 	C:\WINDOWS\SYSTEM32\kernel.appcore.dll
0x00007ffbb7880000 - 0x00007ffbb788a000 	C:\Users\WIN10\.jdks\openjdk-19.0.1\bin\jimage.dll
0x00007ffbff410000 - 0x00007ffbff5f4000 	C:\WINDOWS\SYSTEM32\DBGHELP.DLL
0x00007ffbdaf50000 - 0x00007ffbdaf85000 	C:\WINDOWS\SYSTEM32\dbgcore.DLL
0x00007ffc01cb0000 - 0x00007ffc01d32000 	C:\WINDOWS\System32\bcryptPrimitives.dll
0x00007ffbe3310000 - 0x00007ffbe331e000 	C:\Users\WIN10\.jdks\openjdk-19.0.1\bin\instrument.dll
0x00007ffbb7850000 - 0x00007ffbb7876000 	C:\Users\WIN10\.jdks\openjdk-19.0.1\bin\java.dll
0x00007ffbb7770000 - 0x00007ffbb7847000 	C:\Users\WIN10\.jdks\openjdk-19.0.1\bin\jsvml.dll
0x00007ffc03450000 - 0x00007ffc03b94000 	C:\WINDOWS\System32\SHELL32.dll
0x00007ffbff620000 - 0x00007ffbffdb2000 	C:\WINDOWS\SYSTEM32\windows.storage.dll
0x00007ffc02b90000 - 0x00007ffc02ee5000 	C:\WINDOWS\System32\combase.dll
0x00007ffc00f70000 - 0x00007ffc00fa0000 	C:\WINDOWS\SYSTEM32\Wldp.dll
0x00007ffc03300000 - 0x00007ffc033ad000 	C:\WINDOWS\System32\SHCORE.dll
0x00007ffc03de0000 - 0x00007ffc03e35000 	C:\WINDOWS\System32\shlwapi.dll
0x00007ffc014c0000 - 0x00007ffc014df000 	C:\WINDOWS\SYSTEM32\profapi.dll
0x00007ffbb7750000 - 0x00007ffbb7763000 	C:\Users\WIN10\.jdks\openjdk-19.0.1\bin\net.dll
0x00007ffbeac70000 - 0x00007ffbead7c000 	C:\WINDOWS\SYSTEM32\WINHTTP.dll
0x00007ffc00c60000 - 0x00007ffc00cca000 	C:\WINDOWS\system32\mswsock.dll
0x00007ffbb7730000 - 0x00007ffbb7746000 	C:\Users\WIN10\.jdks\openjdk-19.0.1\bin\nio.dll
0x00007ffbb75e0000 - 0x00007ffbb75f8000 	C:\Users\WIN10\.jdks\openjdk-19.0.1\bin\zip.dll
0x00007ffbe32f0000 - 0x00007ffbe330a000 	C:\Program Files\JetBrains\IntelliJ IDEA 2022.2.3\bin\breakgen64.dll
0x00007ffbb5ae0000 - 0x00007ffbb5ae8000 	C:\Users\WIN10\.jdks\openjdk-19.0.1\bin\extnet.dll

dbghelp: loaded successfully - version: 4.0.5 - missing functions: none
symbol engine: initialized successfully - sym options: 0x614 - pdb path: .;C:\Users\WIN10\.jdks\openjdk-19.0.1\bin;C:\WINDOWS\SYSTEM32;C:\WINDOWS\WinSxS\amd64_microsoft.windows.common-controls_6595b64144ccf1df_6.0.19041.1110_none_60b5254171f9507e;C:\Users\WIN10\.jdks\openjdk-19.0.1\bin\server;C:\Program Files\JetBrains\IntelliJ IDEA 2022.2.3\bin

VM Arguments:
jvm_args: --module-path=C:\Program Files\Java\javafx-sdk-19\lib --add-modules=javafx.controls,javafx.fxml -javaagent:C:\Program Files\JetBrains\IntelliJ IDEA 2022.2.3\lib\idea_rt.jar=53967:C:\Program Files\JetBrains\IntelliJ IDEA 2022.2.3\bin -Dfile.encoding=UTF-8 -Dsun.stdout.encoding=UTF-8 -Dsun.stderr.encoding=UTF-8 
java_command: ba.unsa.etf.rpr.App
java_class_path (initial): C:\Users\WIN10\smart-dentist\target\classes;C:\Users\WIN10\.m2\repository\org\openjfx\javafx-controls\19\javafx-controls-19.jar;C:\Users\WIN10\.m2\repository\org\openjfx\javafx-controls\19\javafx-controls-19-win.jar;C:\Users\WIN10\.m2\repository\org\openjfx\javafx-graphics\19\javafx-graphics-19.jar;C:\Users\WIN10\.m2\repository\org\openjfx\javafx-graphics\19\javafx-graphics-19-win.jar;C:\Users\WIN10\.m2\repository\org\openjfx\javafx-base\19\javafx-base-19.jar;C:\Users\WIN10\.m2\repository\org\openjfx\javafx-base\19\javafx-base-19-win.jar;C:\Users\WIN10\.m2\repository\org\openjfx\javafx-fxml\19\javafx-fxml-19.jar;C:\Users\WIN10\.m2\repository\org\openjfx\javafx-fxml\19\javafx-fxml-19-win.jar
Launcher Type: SUN_STANDARD

[Global flags]
     intx CICompilerCount                          = 3                                         {product} {ergonomic}
     uint ConcGCThreads                            = 1                                         {product} {ergonomic}
     uint G1ConcRefinementThreads                  = 4                                         {product} {ergonomic}
   size_t G1HeapRegionSize                         = 1048576                                   {product} {ergonomic}
    uintx GCDrainStackTargetSize                   = 64                                        {product} {ergonomic}
   size_t InitialHeapSize                          = 132120576                                 {product} {ergonomic}
   size_t MarkStackSize                            = 4194304                                   {product} {ergonomic}
   size_t MaxHeapSize                              = 2090860544                                {product} {ergonomic}
   size_t MaxNewSize                               = 1254096896                                {product} {ergonomic}
   size_t MinHeapDeltaBytes                        = 1048576                                   {product} {ergonomic}
   size_t MinHeapSize                              = 8388608                                   {product} {ergonomic}
    uintx NonNMethodCodeHeapSize                   = 5832780                                {pd product} {ergonomic}
    uintx NonProfiledCodeHeapSize                  = 122912730                              {pd product} {ergonomic}
    uintx ProfiledCodeHeapSize                     = 122912730                              {pd product} {ergonomic}
    uintx ReservedCodeCacheSize                    = 251658240                              {pd product} {ergonomic}
     bool SegmentedCodeCache                       = true                                      {product} {ergonomic}
   size_t SoftMaxHeapSize                          = 2090860544                             {manageable} {ergonomic}
     bool UseCompressedClassPointers               = true                           {product lp64_product} {ergonomic}
     bool UseCompressedOops                        = true                           {product lp64_product} {ergonomic}
     bool UseG1GC                                  = true                                      {product} {ergonomic}
     bool UseLargePagesIndividualAllocation        = false                                  {pd product} {ergonomic}

Logging:
Log output configuration:
 #0: stdout all=warning uptime,level,tags foldmultilines=false
 #1: stderr all=off uptime,level,tags foldmultilines=false

Environment Variables:
JAVA_HOME=C:\Users\WIN10\.jdks\openjdk-19
PATH=C:\MinGW\bin;C:\WINDOWS;C:\WINDOWS\System32\Wbem;C:\WINDOWS\System32\WindowsPowerShell\v1.0\;C:\WINDOWS\System32\OpenSSH\;C:\WINDOWS\system32;C:\Program Files\Git\cmd;C:\Users\WIN10\.jdks\openjdk-19\bin;C:\Program Files\apache-maven-3.8.6\bin;C:\Users\WIN10\AppData\Local\Microsoft\WindowsApps;C:\MinGW\bin;C:\Users\WIN10\AppData\Local\bin\NASM;C:\Users\WIN10\Desktop\Golink;C:\Program Files\OLLYDBG.exe;C:\Users\WIN10\AppData\Local\GitHubDesktop\bin
USERNAME=WIN10
OS=Windows_NT
PROCESSOR_IDENTIFIER=Intel64 Family 6 Model 126 Stepping 5, GenuineIntel
TMP=C:\Users\WIN10\AppData\Local\Temp
TEMP=C:\Users\WIN10\AppData\Local\Temp



---------------  S Y S T E M  ---------------

OS:
 Windows 10 , 64 bit Build 19041 (10.0.19041.2364)
OS uptime: 0 days 19:55 hours

CPU: total 4 (initial active 4) (4 cores per cpu, 2 threads per core) family 6 model 126 stepping 5 microcode 0xa6, cx8, cmov, fxsr, ht, mmx, 3dnowpref, sse, sse2, sse3, ssse3, sse4.1, sse4.2, popcnt, lzcnt, tsc, tscinvbit, avx, avx2, aes, erms, clmul, bmi1, bmi2, adx, avx512f, avx512dq, avx512cd, avx512bw, avx512vl, sha, fma, vzeroupper, avx512_vpopcntdq, avx512_vpclmulqdq, avx512_vaes, avx512_vnni, clflush, clflushopt, avx512_vbmi2, avx512_vbmi, rdtscp, rdpid, fsrm, gfni, avx512_bitalg

Memory: 4k page, system-wide physical 7973M (697M free)
TotalPageFile size 7973M (AvailPageFile size 5M)
current process WorkingSet (physical memory assigned to process): 57M, peak: 57M
current process commit charge ("private bytes"): 215M, peak: 216M

vm_info: OpenJDK 64-Bit Server VM (19.0.1+10-21) for windows-amd64 JRE (19.0.1+10-21), built on 2022-09-14T12:45:06Z by "mach5one" with MS VC++ 17.1 (VS2022)

END.
